# JRE version: OpenJDK Runtime Environment (11.0.13) (build 11.0.13+0-b1751.21-8125866)
# Java VM: OpenJDK 64-Bit Server VM (11.0.13+0-b1751.21-8125866, mixed mode, tiered, compressed oops, g1 gc, windows-amd64)
Heap:
 garbage-first heap   total 129024K, used 49386K [0x0000000080000000, 0x0000000100000000)
  region size 1024K, 11 young (11264K), 4 survivors (4096K)
 Metaspace       used 58464K, capacity 59959K, committed 60112K, reserved 1101824K
  class space    used 7353K, capacity 7960K, committed 7968K, reserved 1048576K
GC Heap History (18 events):
Event: 5.931 GC heap before
{Heap before GC invocations=0 (full 0):
 garbage-first heap   total 129024K, used 29696K [0x0000000080000000, 0x0000000100000000)
  region size 1024K, 24 young (24576K), 0 survivors (0K)
 Metaspace       used 10166K, capacity 10329K, committed 10624K, reserved 1058816K
  class space    used 1046K, capacity 1108K, committed 1152K, reserved 1048576K
}
Event: 5.935 GC heap after
{Heap after GC invocations=1 (full 0):
 garbage-first heap   total 129024K, used 9373K [0x0000000080000000, 0x0000000100000000)
  region size 1024K, 3 young (3072K), 3 survivors (3072K)
 Metaspace       used 10166K, capacity 10329K, committed 10624K, reserved 1058816K
  class space    used 1046K, capacity 1108K, committed 1152K, reserved 1048576K
}
Event: 20.077 GC heap before
{Heap before GC invocations=1 (full 0):
 garbage-first heap   total 129024K, used 83101K [0x0000000080000000, 0x0000000100000000)
  region size 1024K, 75 young (76800K), 3 survivors (3072K)
 Metaspace       used 17505K, capacity 17881K, committed 18176K, reserved 1064960K
  class space    used 2025K, capacity 2179K, committed 2304K, reserved 1048576K
}
Event: 20.088 GC heap after
{Heap after GC invocations=2 (full 0):
 garbage-first heap   total 129024K, used 16147K [0x0000000080000000, 0x0000000100000000)
  region size 1024K, 10 young (10240K), 10 survivors (10240K)
 Metaspace       used 17505K, capacity 17881K, committed 18176K, reserved 1064960K
  class space    used 2025K, capacity 2179K, committed 2304K, reserved 1048576K
}
Event: 20.810 GC heap before
{Heap before GC invocations=2 (full 0):
 garbage-first heap   total 129024K, used 46867K [0x0000000080000000, 0x0000000100000000)
  region size 1024K, 42 young (43008K), 10 survivors (10240K)
 Metaspace       used 20806K, capacity 21191K, committed 21296K, reserved 1069056K
  class space    used 2531K, capacity 2686K, committed 2688K, reserved 1048576K
}
Event: 20.819 GC heap after
{Heap after GC invocations=3 (full 0):
 garbage-first heap   total 129024K, used 17052K [0x0000000080000000, 0x0000000100000000)
  region size 1024K, 2 young (2048K), 2 survivors (2048K)
 Metaspace       used 20806K, capacity 21191K, committed 21296K, reserved 1069056K
  class space    used 2531K, capacity 2686K, committed 2688K, reserved 1048576K
}
Event: 22.527 GC heap before
{Heap before GC invocations=4 (full 0):
 garbage-first heap   total 129024K, used 88732K [0x0000000080000000, 0x0000000100000000)
  region size 1024K, 72 young (73728K), 2 survivors (2048K)
 Metaspace       used 27572K, capacity 28181K, committed 28412K, reserved 1073152K
  class space    used 3589K, capacity 3814K, committed 3916K, reserved 1048576K
}
Event: 22.531 GC heap after
{Heap after GC invocations=5 (full 0):
 garbage-first heap   total 129024K, used 19132K [0x0000000080000000, 0x0000000100000000)
  region size 1024K, 4 young (4096K), 4 survivors (4096K)
 Metaspace       used 27572K, capacity 28181K, committed 28412K, reserved 1073152K
  class space    used 3589K, capacity 3814K, committed 3916K, reserved 1048576K
}
Event: 23.758 GC heap before
{Heap before GC invocations=5 (full 0):
 garbage-first heap   total 129024K, used 66236K [0x0000000080000000, 0x0000000100000000)
  region size 1024K, 51 young (52224K), 4 survivors (4096K)
 Metaspace       used 35189K, capacity 35963K, committed 36048K, reserved 1081344K
  class space    used 4519K, capacity 4835K, committed 4896K, reserved 1048576K
}
Event: 23.770 GC heap after
{Heap after GC invocations=6 (full 0):
 garbage-first heap   total 129024K, used 22172K [0x0000000080000000, 0x0000000100000000)
  region size 1024K, 7 young (7168K), 7 survivors (7168K)
 Metaspace       used 35189K, capacity 35963K, committed 36048K, reserved 1081344K
  class space    used 4519K, capacity 4835K, committed 4896K, reserved 1048576K
}
Event: 24.786 GC heap before
{Heap before GC invocations=7 (full 0):
 garbage-first heap   total 129024K, used 93852K [0x0000000080000000, 0x0000000100000000)
  region size 1024K, 75 young (76800K), 7 survivors (7168K)
 Metaspace       used 40766K, capacity 41715K, committed 41808K, reserved 1085440K
  class space    used 5137K, capacity 5488K, committed 5536K, reserved 1048576K
}
Event: 24.797 GC heap after
{Heap after GC invocations=8 (full 0):
 garbage-first heap   total 129024K, used 28122K [0x0000000080000000, 0x0000000100000000)
  region size 1024K, 9 young (9216K), 9 survivors (9216K)
 Metaspace       used 40766K, capacity 41715K, committed 41808K, reserved 1085440K
  class space    used 5137K, capacity 5488K, committed 5536K, reserved 1048576K
}
Event: 25.977 GC heap before
{Heap before GC invocations=8 (full 0):
 garbage-first heap   total 129024K, used 94682K [0x0000000080000000, 0x0000000100000000)
  region size 1024K, 74 young (75776K), 9 survivors (9216K)
 Metaspace       used 46355K, capacity 47561K, committed 47696K, reserved 1091584K
  class space    used 5875K, capacity 6300K, committed 6304K, reserved 1048576K
}
Event: 25.988 GC heap after
{Heap after GC invocations=9 (full 0):
 garbage-first heap   total 129024K, used 29929K [0x0000000080000000, 0x0000000100000000)
  region size 1024K, 3 young (3072K), 3 survivors (3072K)
 Metaspace       used 46355K, capacity 47561K, committed 47696K, reserved 1091584K
  class space    used 5875K, capacity 6300K, committed 6304K, reserved 1048576K
}
Event: 33.113 GC heap before
{Heap before GC invocations=9 (full 0):
 garbage-first heap   total 129024K, used 100585K [0x0000000080000000, 0x0000000100000000)
  region size 1024K, 69 young (70656K), 3 survivors (3072K)
 Metaspace       used 49107K, capacity 50450K, committed 50768K, reserved 1093632K
  class space    used 6190K, capacity 6713K, committed 6816K, reserved 1048576K
}
Event: 33.120 GC heap after
{Heap after GC invocations=10 (full 0):
 garbage-first heap   total 129024K, used 38239K [0x0000000080000000, 0x0000000100000000)
  region size 1024K, 9 young (9216K), 9 survivors (9216K)
 Metaspace       used 49107K, capacity 50450K, committed 50768K, reserved 1093632K
  class space    used 6190K, capacity 6713K, committed 6816K, reserved 1048576K
}
Event: 36.724 GC heap before
{Heap before GC invocations=10 (full 0):
 garbage-first heap   total 129024K, used 100703K [0x0000000080000000, 0x0000000100000000)
  region size 1024K, 68 young (69632K), 9 survivors (9216K)
 Metaspace       used 57221K, capacity 58720K, committed 58960K, reserved 1099776K
  class space    used 7183K, capacity 7759K, committed 7840K, reserved 1048576K
}
Event: 36.731 GC heap after
{Heap after GC invocations=11 (full 0):
 garbage-first heap   total 129024K, used 43242K [0x0000000080000000, 0x0000000100000000)
  region size 1024K, 4 young (4096K), 4 survivors (4096K)
 Metaspace       used 57221K, capacity 58720K, committed 58960K, reserved 1099776K
  class space    used 7183K, capacity 7759K, committed 7840K, reserved 1048576K
}

